#
# A fatal error has been detected by the Java Runtime Environment:
#
#  Internal Error (classFileParser.cpp:3375), pid=2900, tid=4840
#  Error: ShouldNotReachHere()
#
# JRE version: 6.0_23-b05
# Java VM: Java HotSpot(TM) Client VM (19.0-b09 mixed mode windows-x86 )
# If you would like to submit a bug report, please visit:
#   http://java.sun.com/webapps/bugreport/crash.jsp
#

---------------  T H R E A D  ---------------

Current thread (0x003b6c00):  JavaThread "Unknown thread" [_thread_in_vm, id=4840, stack(0x008c0000,0x00910000)]

Stack: [0x008c0000,0x00910000],  sp=0x0090f8a4,  free space=318k
Native frames: (J=compiled Java code, j=interpreted, Vv=VM code, C=native code)
V  [jvm.dll+0x200a27]
V  [jvm.dll+0xa536b]
V  [jvm.dll+0x761e8]
V  [jvm.dll+0x779ef]
V  [jvm.dll+0x1cfdc5]
V  [jvm.dll+0x1d069d]
V  [jvm.dll+0x1d0a65]
V  [jvm.dll+0x1d0aab]
V  [jvm.dll+0x1d0bd2]
V  [jvm.dll+0x1d0c4a]
V  [jvm.dll+0x1d0d2d]
V  [jvm.dll+0x1d0fd2]
V  [jvm.dll+0x1f0783]
V  [jvm.dll+0x1f0b5c]
V  [jvm.dll+0xdbd3c]
V  [jvm.dll+0x1e9c28]
V  [jvm.dll+0x106190]
C  [javaw.exe+0x1657]
C  [javaw.exe+0x1e2c]
C  [javaw.exe+0x8614]
C  [kernel32.dll+0xb729]


---------------  P R O C E S S  ---------------

Java Threads: ( => current thread )

Other Threads:

=>0x003b6c00 (exited) JavaThread "Unknown thread" [_thread_in_vm, id=4840, stack(0x008c0000,0x00910000)]

VM state:not at safepoint (not fully initialized)

VM Mutex/Monitor currently owned by a thread: None

Dynamic libraries:
0x00400000 - 0x00424000 	C:\Apps\ORACLEJDK6\bin\javaw.exe
0x7c900000 - 0x7c9b2000 	C:\WINDOWS\system32\ntdll.dll
0x7c800000 - 0x7c8f6000 	C:\WINDOWS\system32\kernel32.dll
0x77dd0000 - 0x77e6b000 	C:\WINDOWS\system32\ADVAPI32.dll
0x77e70000 - 0x77f03000 	C:\WINDOWS\system32\RPCRT4.dll
0x77fe0000 - 0x77ff1000 	C:\WINDOWS\system32\Secur32.dll
0x7e410000 - 0x7e4a1000 	C:\WINDOWS\system32\USER32.dll
0x77f10000 - 0x77f59000 	C:\WINDOWS\system32\GDI32.dll
0x76390000 - 0x763ad000 	C:\WINDOWS\system32\IMM32.DLL
0x629c0000 - 0x629c9000 	C:\WINDOWS\system32\LPK.DLL
0x74d90000 - 0x74dfb000 	C:\WINDOWS\system32\USP10.dll
0x7c340000 - 0x7c396000 	C:\Apps\ORACLEJDK6\jre\bin\msvcr71.dll
0x6d8a0000 - 0x6db4c000 	C:\Apps\ORACLEJDK6\jre\bin\client\jvm.dll
0x76b40000 - 0x76b6d000 	C:\WINDOWS\system32\WINMM.dll
0x6d850000 - 0x6d85c000 	C:\Apps\ORACLEJDK6\jre\bin\verify.dll
0x6d3d0000 - 0x6d3ef000 	C:\Apps\ORACLEJDK6\jre\bin\java.dll
0x6d330000 - 0x6d338000 	C:\Apps\ORACLEJDK6\jre\bin\hpi.dll
0x76bf0000 - 0x76bfb000 	C:\WINDOWS\system32\PSAPI.DLL
0x6d890000 - 0x6d89f000 	C:\Apps\ORACLEJDK6\jre\bin\zip.dll

VM Arguments:
jvm_args: -Dfile.encoding=Cp1252 -Xbootclasspath:C:\TEMP\adt\sdk\platforms\android-19\android.jar 
java_command: pt.joaomneto.ffgbutil.util.DiceRoller
Launcher Type: SUN_STANDARD

Environment Variables:
CLASSPATH=C:\Progra~1\ETL\Informatica910_HF5\DataTransformation\api\lib\CM_JavaAPI.jar; 
PATH=C:\Progra~1\ETL\Informatica910_HF5\DataTransformation\bin;C:\Progra~1\ETL\Informatica910_HF5\clients\tools\datadirect;C:\Progra~1\ETL\Informatica910_HF5\clients\java\jre\bin\server;C:\Program Files\ORACOracleClient_10.203\bin;C:\WINDOWS\system32;C:\WINDOWS;C:\WINDOWS\System32\Wbem;C:\Program Files\Support Tools\;C:\Apps\lotus\notes\data;C:\APPS\IBM\Installation Manager\eclipse\lib;C:\APPS\ORA901\bin;C:\Program Files\Oracle\jre\1.1.8\bin;C:\WINDOWSsystem32;:\WINDOWS;:\WINDOWS\System32\Wbem;C:\Program Files\Attachmate\E!E2K;:\WINDOWS\system32\nls;:\WINDOWS\system32\nls\ENGLISH;C:\apps\cvs-1.11.6\
USERNAME=netojo
OS=Windows_NT
PROCESSOR_IDENTIFIER=x86 Family 6 Model 58 Stepping 9, GenuineIntel



---------------  S Y S T E M  ---------------

OS: Windows XP Build 2600 Service Pack 3

CPU:total 4 (4 cores per cpu, 1 threads per core) family 6 model 58 stepping 9, cmov, cx8, fxsr, mmx, sse, sse2, sse3, ssse3, sse4.1, sse4.2, popcnt

Memory: 4k page, physical 3298172k(1862572k free), swap 6428284k(4175224k free)

vm_info: Java HotSpot(TM) Client VM (19.0-b09) for windows-x86 JRE (1.6.0_23-b05), built on Nov 12 2010 15:00:43 by "java_re" with MS VC++ 7.1 (VS2003)

time: Wed Jan 22 11:32:44 2014
elapsed time: 0 seconds

